<?xml version="1.0" encoding="UTF-8" ?>
<testsuite errors="2" failures="0" hostname="DESKTOP-K61J0B6" name="test.testing.LoginTesting" skipped="0" tests="1" time="0.157" timestamp="2020-04-26T07:51:46">
  <properties>
[...]
</properties>
  <testcase classname="test.testing.LoginTesting" name="test" time="0.11">
    <error message="The driver executable does not exist: C:\workspace\LoginTest\WebContent\chromedriver.exe" type="java.lang.IllegalStateException">java.lang.IllegalStateException: The driver executable does not exist: C:\workspace\LoginTest\WebContent\chromedriver.exe
	at com.google.common.base.Preconditions.checkState(Preconditions.java:585)
	at org.openqa.selenium.remote.service.DriverService.checkExecutable(DriverService.java:146)
	at org.openqa.selenium.remote.service.DriverService.findExecutable(DriverService.java:141)
	at org.openqa.selenium.chrome.ChromeDriverService.access$000(ChromeDriverService.java:35)
	at org.openqa.selenium.chrome.ChromeDriverService$Builder.findDefaultExecutable(ChromeDriverService.java:159)
	at org.openqa.selenium.remote.service.DriverService$Builder.build(DriverService.java:355)
	at org.openqa.selenium.chrome.ChromeDriverService.createDefaultService(ChromeDriverService.java:94)
	at org.openqa.selenium.chrome.ChromeDriver.&lt;init&gt;(ChromeDriver.java:123)
	at test.testing.LoginTesting.setUp(LoginTesting.java:20)
</error>
    <error type="java.lang.NullPointerException">java.lang.NullPointerException
	at test.testing.LoginTesting.tearDown(LoginTesting.java:26)
</error>
  </testcase>
  <system-out><![CDATA[]]></system-out>
  <system-err><![CDATA[]]></system-err>
</testsuite>
